<?xml version="1.0" encoding="UTF-8"?>
<testng-results ignored="0" total="1" passed="0" failed="1" skipped="0">
  <reporter-output>
  </reporter-output>
  <suite started-at="2023-12-20T16:32:05 TRT" name="Default Suite" finished-at="2023-12-20T16:32:15 TRT" duration-ms="10353">
    <groups>
    </groups>
    <test started-at="2023-12-20T16:32:05 TRT" name="Amazon1912" finished-at="2023-12-20T16:32:15 TRT" duration-ms="10353">
      <class name="SepetUrun">
        <test-method is-config="true" signature="SetUp()[pri:0, instance:SepetUrun@1a482e36]" started-at="2023-12-20T16:32:05 TRT" name="SetUp" finished-at="2023-12-20T16:32:10 TRT" duration-ms="4980" status="PASS">
          <reporter-output>
          </reporter-output>
        </test-method> <!-- SetUp -->
        <test-method signature="test01()[pri:0, instance:SepetUrun@1a482e36]" started-at="2023-12-20T16:32:10 TRT" name="test01" finished-at="2023-12-20T16:32:15 TRT" duration-ms="5127" status="FAIL">
          <exception class="org.openqa.selenium.ElementClickInterceptedException">
            <message>
              <![CDATA[element click intercepted: Element <a class="a-link-normal s-underline-text s-underline-link-text s-link-style a-text-normal" href="/Xbox-Wrls-Gen9-Cntrllr-Indas/dp/B093X64R9H/ref=lp_12466440031_1_1?pf_rd_p=41dcc440-cec6-42fb-ae31-b40ea353f9d4&amp;pf_rd_r=EVP0Q5FP9E7HC5QC0WYM&amp;sbo=RZvfv%2F%2FHxDF%2BO5021pAnSA%3D%3D">...</a> is not clickable at point (353, 688). Other element would receive the click: <form id="sp-cc" method="post" action="/privacyprefs/sp/consent/v2/acceptall">...</form>
  (Session info: chrome=120.0.6099.110)
Build info: version: '4.15.0', revision: '1d14b5521b'
System info: os.name: 'Windows 11', os.arch: 'amd64', os.version: '10.0', java.version: '21.0.1'
Driver info: org.openqa.selenium.chrome.ChromeDriver
Command: [407d25c45a75f14776f7746f0c2e250a, clickElement {id=31AC1FB2F9EFACD231229A83FB97B38B_element_154}]
Capabilities {acceptInsecureCerts: false, browserName: chrome, browserVersion: 120.0.6099.110, chrome: {chromedriverVersion: 120.0.6099.109 (3419140ab66..., userDataDir: C:\Users\Brkyy\AppData\Loca...}, fedcm:accounts: true, goog:chromeOptions: {debuggerAddress: localhost:53387}, networkConnectionEnabled: false, pageLoadStrategy: normal, platformName: windows, proxy: Proxy(), se:cdp: ws://localhost:53387/devtoo..., se:cdpVersion: 120.0.6099.110, setWindowRect: true, strictFileInteractability: false, timeouts: {implicit: 0, pageLoad: 300000, script: 30000}, unhandledPromptBehavior: dismiss and notify, webauthn:extension:credBlob: true, webauthn:extension:largeBlob: true, webauthn:extension:minPinLength: true, webauthn:extension:prf: true, webauthn:virtualAuthenticators: true}
Element: [[ChromeDriver: chrome on windows (407d25c45a75f14776f7746f0c2e250a)] -> link text: Xbox Wrls.(Gen9) Cntrllr Indas]
Session ID: 407d25c45a75f14776f7746f0c2e250a]]>
            </message>
            <full-stacktrace>
              <![CDATA[org.openqa.selenium.ElementClickInterceptedException: element click intercepted: Element <a class="a-link-normal s-underline-text s-underline-link-text s-link-style a-text-normal" href="/Xbox-Wrls-Gen9-Cntrllr-Indas/dp/B093X64R9H/ref=lp_12466440031_1_1?pf_rd_p=41dcc440-cec6-42fb-ae31-b40ea353f9d4&amp;pf_rd_r=EVP0Q5FP9E7HC5QC0WYM&amp;sbo=RZvfv%2F%2FHxDF%2BO5021pAnSA%3D%3D">...</a> is not clickable at point (353, 688). Other element would receive the click: <form id="sp-cc" method="post" action="/privacyprefs/sp/consent/v2/acceptall">...</form>
  (Session info: chrome=120.0.6099.110)
Build info: version: '4.15.0', revision: '1d14b5521b'
System info: os.name: 'Windows 11', os.arch: 'amd64', os.version: '10.0', java.version: '21.0.1'
Driver info: org.openqa.selenium.chrome.ChromeDriver
Command: [407d25c45a75f14776f7746f0c2e250a, clickElement {id=31AC1FB2F9EFACD231229A83FB97B38B_element_154}]
Capabilities {acceptInsecureCerts: false, browserName: chrome, browserVersion: 120.0.6099.110, chrome: {chromedriverVersion: 120.0.6099.109 (3419140ab66..., userDataDir: C:\Users\Brkyy\AppData\Loca...}, fedcm:accounts: true, goog:chromeOptions: {debuggerAddress: localhost:53387}, networkConnectionEnabled: false, pageLoadStrategy: normal, platformName: windows, proxy: Proxy(), se:cdp: ws://localhost:53387/devtoo..., se:cdpVersion: 120.0.6099.110, setWindowRect: true, strictFileInteractability: false, timeouts: {implicit: 0, pageLoad: 300000, script: 30000}, unhandledPromptBehavior: dismiss and notify, webauthn:extension:credBlob: true, webauthn:extension:largeBlob: true, webauthn:extension:minPinLength: true, webauthn:extension:prf: true, webauthn:virtualAuthenticators: true}
Element: [[ChromeDriver: chrome on windows (407d25c45a75f14776f7746f0c2e250a)] -> link text: Xbox Wrls.(Gen9) Cntrllr Indas]
Session ID: 407d25c45a75f14776f7746f0c2e250a
at java.base/jdk.internal.reflect.DirectConstructorHandleAccessor.newInstance(DirectConstructorHandleAccessor.java:62)
at java.base/java.lang.reflect.Constructor.newInstanceWithCaller(Constructor.java:502)
at java.base/java.lang.reflect.Constructor.newInstance(Constructor.java:486)
at org.openqa.selenium.remote.codec.w3c.W3CHttpResponseCodec.createException(W3CHttpResponseCodec.java:200)
at org.openqa.selenium.remote.codec.w3c.W3CHttpResponseCodec.decode(W3CHttpResponseCodec.java:133)
at org.openqa.selenium.remote.codec.w3c.W3CHttpResponseCodec.decode(W3CHttpResponseCodec.java:52)
at org.openqa.selenium.remote.HttpCommandExecutor.execute(HttpCommandExecutor.java:191)
at org.openqa.selenium.remote.service.DriverCommandExecutor.invokeExecute(DriverCommandExecutor.java:200)
at org.openqa.selenium.remote.service.DriverCommandExecutor.execute(DriverCommandExecutor.java:175)
at org.openqa.selenium.remote.RemoteWebDriver.execute(RemoteWebDriver.java:607)
at org.openqa.selenium.remote.RemoteWebElement.execute(RemoteWebElement.java:224)
at org.openqa.selenium.remote.RemoteWebElement.click(RemoteWebElement.java:77)
at SepetUrun.test01(SepetUrun.java:68)
at java.base/jdk.internal.reflect.DirectMethodHandleAccessor.invoke(DirectMethodHandleAccessor.java:103)
at java.base/java.lang.reflect.Method.invoke(Method.java:580)
at org.testng.internal.invokers.MethodInvocationHelper.invokeMethod(MethodInvocationHelper.java:139)
at org.testng.internal.invokers.TestInvoker.invokeMethod(TestInvoker.java:664)
at org.testng.internal.invokers.TestInvoker.invokeTestMethod(TestInvoker.java:227)
at org.testng.internal.invokers.MethodRunner.runInSequence(MethodRunner.java:50)
at org.testng.internal.invokers.TestInvoker$MethodInvocationAgent.invoke(TestInvoker.java:957)
at org.testng.internal.invokers.TestInvoker.invokeTestMethods(TestInvoker.java:200)
at org.testng.internal.invokers.TestMethodWorker.invokeTestMethods(TestMethodWorker.java:148)
at org.testng.internal.invokers.TestMethodWorker.run(TestMethodWorker.java:128)
at java.base/java.util.ArrayList.forEach(ArrayList.java:1596)
at org.testng.TestRunner.privateRun(TestRunner.java:848)
at org.testng.TestRunner.run(TestRunner.java:621)
at org.testng.SuiteRunner.runTest(SuiteRunner.java:443)
at org.testng.SuiteRunner.runSequentially(SuiteRunner.java:437)
at org.testng.SuiteRunner.privateRun(SuiteRunner.java:397)
at org.testng.SuiteRunner.run(SuiteRunner.java:336)
at org.testng.SuiteRunnerWorker.runSuite(SuiteRunnerWorker.java:52)
at org.testng.SuiteRunnerWorker.run(SuiteRunnerWorker.java:95)
at org.testng.TestNG.runSuitesSequentially(TestNG.java:1280)
at org.testng.TestNG.runSuitesLocally(TestNG.java:1200)
at org.testng.TestNG.runSuites(TestNG.java:1114)
at org.testng.TestNG.run(TestNG.java:1082)
at com.intellij.rt.testng.IDEARemoteTestNG.run(IDEARemoteTestNG.java:66)
at com.intellij.rt.testng.RemoteTestNGStarter.main(RemoteTestNGStarter.java:105)
]]>
            </full-stacktrace>
          </exception> <!-- org.openqa.selenium.ElementClickInterceptedException -->
          <reporter-output>
          </reporter-output>
        </test-method> <!-- test01 -->
        <test-method is-config="true" signature="tearDown()[pri:0, instance:SepetUrun@1a482e36]" started-at="2023-12-20T16:32:15 TRT" name="tearDown" finished-at="2023-12-20T16:32:15 TRT" duration-ms="199" status="PASS">
          <reporter-output>
          </reporter-output>
        </test-method> <!-- tearDown -->
      </class> <!-- SepetUrun -->
    </test> <!-- Amazon1912 -->
  </suite> <!-- Default Suite -->
</testng-results>
